  Animation.cpp
C:\Users\Joe\Documents\GitHub\Defender\ImplodeSFMLEngine\ImplodeEngineEXAMPLE\source\Animation.cpp(7,35): warning C4244: 'argument': conversion from 'float' to 'T', possible loss of data
          with
          [
              T=unsigned int
          ]
C:\Users\Joe\Documents\GitHub\Defender\ImplodeSFMLEngine\ImplodeEngineEXAMPLE\source\Animation.cpp(7,30): warning C4244: 'argument': conversion from 'float' to 'T', possible loss of data
          with
          [
              T=unsigned int
          ]
C:\Users\Joe\Documents\GitHub\Defender\ImplodeSFMLEngine\ImplodeEngineEXAMPLE\source\Animation.cpp(10,44): warning C4244: 'argument': conversion from 'float' to 'T', possible loss of data
          with
          [
              T=unsigned int
          ]
C:\Users\Joe\Documents\GitHub\Defender\ImplodeSFMLEngine\ImplodeEngineEXAMPLE\source\Animation.cpp(10,38): warning C4244: 'argument': conversion from 'float' to 'T', possible loss of data
          with
          [
              T=unsigned int
          ]
C:\Users\Joe\Documents\GitHub\Defender\ImplodeSFMLEngine\ImplodeEngineEXAMPLE\source\Animation.cpp(22,36): warning C4244: 'argument': conversion from 'float' to 'T', possible loss of data
          with
          [
              T=unsigned int
          ]
C:\Users\Joe\Documents\GitHub\Defender\ImplodeSFMLEngine\ImplodeEngineEXAMPLE\source\Animation.cpp(22,30): warning C4244: 'argument': conversion from 'float' to 'T', possible loss of data
          with
          [
              T=unsigned int
          ]
C:\Users\Joe\Documents\GitHub\Defender\ImplodeSFMLEngine\ImplodeEngineEXAMPLE\source\Animation.cpp(25,44): warning C4244: 'argument': conversion from 'float' to 'T', possible loss of data
          with
          [
              T=unsigned int
          ]
C:\Users\Joe\Documents\GitHub\Defender\ImplodeSFMLEngine\ImplodeEngineEXAMPLE\source\Animation.cpp(25,38): warning C4244: 'argument': conversion from 'float' to 'T', possible loss of data
          with
          [
              T=unsigned int
          ]
C:\Users\Joe\Documents\GitHub\Defender\ImplodeSFMLEngine\ImplodeEngineEXAMPLE\source\Animation.cpp(39,25): warning C4244: '=': conversion from 'int' to 'T', possible loss of data
          with
          [
              T=float
          ]
C:\Users\Joe\Documents\GitHub\Defender\ImplodeSFMLEngine\ImplodeEngineEXAMPLE\source\Animation.cpp(40,25): warning C4244: '=': conversion from 'int' to 'T', possible loss of data
          with
          [
              T=float
          ]
C:\Users\Joe\Documents\GitHub\Defender\ImplodeSFMLEngine\ImplodeEngineEXAMPLE\source\Animation.cpp(42,62): warning C4244: '=': conversion from 'float' to 'T', possible loss of data
          with
          [
              T=int
          ]
C:\Users\Joe\Documents\GitHub\Defender\ImplodeSFMLEngine\ImplodeEngineEXAMPLE\source\Animation.cpp(43,63): warning C4244: '=': conversion from 'float' to 'T', possible loss of data
          with
          [
              T=int
          ]
C:\Users\Joe\Documents\GitHub\Defender\ImplodeSFMLEngine\ImplodeEngineEXAMPLE\source\Animation.cpp(60,27): warning C4244: 'return': conversion from 'T' to 'int', possible loss of data
          with
          [
              T=float
          ]
C:\Users\Joe\Documents\GitHub\Defender\ImplodeSFMLEngine\ImplodeEngineEXAMPLE\source\Animation.cpp(65,27): warning C4244: 'return': conversion from 'T' to 'int', possible loss of data
          with
          [
              T=float
          ]
C:\Users\Joe\Documents\GitHub\Defender\ImplodeSFMLEngine\ImplodeEngineEXAMPLE\source\Animation.cpp(82,45): warning C4244: '=': conversion from 'T' to 'T', possible loss of data
          with
          [
              T=float
          ]
          and
          [
              T=unsigned int
          ]
C:\Users\Joe\Documents\GitHub\Defender\ImplodeSFMLEngine\ImplodeEngineEXAMPLE\source\Animation.cpp(114,45): warning C4244: '=': conversion from 'T' to 'T', possible loss of data
          with
          [
              T=float
          ]
          and
          [
              T=unsigned int
          ]
  AssetPool.cpp
  BoundaryManager.cpp
  Camera.cpp
C:\Users\Joe\Documents\GitHub\Defender\ImplodeSFMLEngine\ImplodeEngineEXAMPLE\source\Camera.cpp(12,38): warning C4244: 'argument': conversion from 'T' to 'unsigned int', possible loss of data
          with
          [
              T=float
          ]
C:\Users\Joe\Documents\GitHub\Defender\ImplodeSFMLEngine\ImplodeEngineEXAMPLE\source\Camera.cpp(12,30): warning C4244: 'argument': conversion from 'T' to 'unsigned int', possible loss of data
          with
          [
              T=float
          ]
C:\Users\Joe\Documents\GitHub\Defender\ImplodeSFMLEngine\ImplodeEngineEXAMPLE\source\Camera.cpp(46,39): warning C4244: 'argument': conversion from 'T' to 'unsigned int', possible loss of data
          with
          [
              T=float
          ]
C:\Users\Joe\Documents\GitHub\Defender\ImplodeSFMLEngine\ImplodeEngineEXAMPLE\source\Camera.cpp(46,30): warning C4244: 'argument': conversion from 'T' to 'unsigned int', possible loss of data
          with
          [
              T=float
          ]
  GameState.cpp
  ImplodeEngine.cpp
C:\Users\Joe\Documents\GitHub\Defender\ImplodeSFMLEngine\ImplodeEngineEXAMPLE\source\ImplodeEngine.cpp(35,45): warning C4244: 'argument': conversion from 'float' to 'unsigned int', possible loss of data
C:\Users\Joe\Documents\GitHub\Defender\ImplodeSFMLEngine\ImplodeEngineEXAMPLE\source\ImplodeEngine.cpp(107,40): warning C4244: 'argument': conversion from 'float' to 'sf::Uint8', possible loss of data
C:\Users\Joe\Documents\GitHub\Defender\ImplodeSFMLEngine\ImplodeEngineEXAMPLE\source\ImplodeEngine.cpp(107,34): warning C4244: 'argument': conversion from 'float' to 'sf::Uint8', possible loss of data
C:\Users\Joe\Documents\GitHub\Defender\ImplodeSFMLEngine\ImplodeEngineEXAMPLE\source\ImplodeEngine.cpp(107,28): warning C4244: 'argument': conversion from 'float' to 'sf::Uint8', possible loss of data
  Light.cpp
  LightingManager.cpp
C:\Users\Joe\Documents\GitHub\Defender\ImplodeSFMLEngine\ImplodeEngineEXAMPLE\source\LightingManager.cpp(30,53): warning C4244: 'argument': conversion from 'float' to 'unsigned int', possible loss of data
C:\Users\Joe\Documents\GitHub\Defender\ImplodeSFMLEngine\ImplodeEngineEXAMPLE\source\LightingManager.cpp(30,32): warning C4244: 'argument': conversion from 'float' to 'unsigned int', possible loss of data
C:\Users\Joe\Documents\GitHub\Defender\ImplodeSFMLEngine\ImplodeEngineEXAMPLE\source\LightingManager.cpp(67,64): warning C4244: 'argument': conversion from 'float' to 'unsigned int', possible loss of data
C:\Users\Joe\Documents\GitHub\Defender\ImplodeSFMLEngine\ImplodeEngineEXAMPLE\source\LightingManager.cpp(67,42): warning C4244: 'argument': conversion from 'float' to 'unsigned int', possible loss of data
  main.cpp
  MenuState.cpp
C:\Users\Joe\Documents\GitHub\Defender\ImplodeSFMLEngine\ImplodeEngineEXAMPLE\source\MenuState.cpp(88,64): warning C4305: 'argument': truncation from 'double' to 'float'
C:\Users\Joe\Documents\GitHub\Defender\ImplodeSFMLEngine\ImplodeEngineEXAMPLE\source\MenuState.cpp(96,92): warning C4244: 'argument': conversion from 'float' to 'sf::Uint8', possible loss of data
C:\Users\Joe\Documents\GitHub\Defender\ImplodeSFMLEngine\ImplodeEngineEXAMPLE\source\MenuState.cpp(96,84): warning C4244: 'argument': conversion from 'float' to 'sf::Uint8', possible loss of data
C:\Users\Joe\Documents\GitHub\Defender\ImplodeSFMLEngine\ImplodeEngineEXAMPLE\source\MenuState.cpp(96,78): warning C4244: 'argument': conversion from 'float' to 'sf::Uint8', possible loss of data
C:\Users\Joe\Documents\GitHub\Defender\ImplodeSFMLEngine\ImplodeEngineEXAMPLE\source\MenuState.cpp(98,84): warning C4244: 'argument': conversion from 'float' to 'sf::Uint8', possible loss of data
C:\Users\Joe\Documents\GitHub\Defender\ImplodeSFMLEngine\ImplodeEngineEXAMPLE\source\MenuState.cpp(98,78): warning C4244: 'argument': conversion from 'float' to 'sf::Uint8', possible loss of data
C:\Users\Joe\Documents\GitHub\Defender\ImplodeSFMLEngine\ImplodeEngineEXAMPLE\source\MenuState.cpp(98,72): warning C4244: 'argument': conversion from 'float' to 'sf::Uint8', possible loss of data
C:\Users\Joe\Documents\GitHub\Defender\ImplodeSFMLEngine\ImplodeEngineEXAMPLE\source\MenuState.cpp(99,89): warning C4244: 'argument': conversion from 'float' to 'sf::Uint8', possible loss of data
C:\Users\Joe\Documents\GitHub\Defender\ImplodeSFMLEngine\ImplodeEngineEXAMPLE\source\MenuState.cpp(99,81): warning C4244: 'argument': conversion from 'float' to 'sf::Uint8', possible loss of data
C:\Users\Joe\Documents\GitHub\Defender\ImplodeSFMLEngine\ImplodeEngineEXAMPLE\source\MenuState.cpp(99,73): warning C4244: 'argument': conversion from 'float' to 'sf::Uint8', possible loss of data
C:\Users\Joe\Documents\GitHub\Defender\ImplodeSFMLEngine\ImplodeEngineEXAMPLE\source\MenuState.cpp(100,85): warning C4244: 'argument': conversion from 'float' to 'sf::Uint8', possible loss of data
C:\Users\Joe\Documents\GitHub\Defender\ImplodeSFMLEngine\ImplodeEngineEXAMPLE\source\MenuState.cpp(100,79): warning C4244: 'argument': conversion from 'float' to 'sf::Uint8', possible loss of data
C:\Users\Joe\Documents\GitHub\Defender\ImplodeSFMLEngine\ImplodeEngineEXAMPLE\source\MenuState.cpp(100,73): warning C4244: 'argument': conversion from 'float' to 'sf::Uint8', possible loss of data
C:\Users\Joe\Documents\GitHub\Defender\ImplodeSFMLEngine\ImplodeEngineEXAMPLE\source\MenuState.cpp(151,159): warning C4244: 'argument': conversion from 'T' to 'T', possible loss of data
          with
          [
              T=int
          ]
          and
          [
              T=float
          ]
C:\Users\Joe\Documents\GitHub\Defender\ImplodeSFMLEngine\ImplodeEngineEXAMPLE\source\MenuState.cpp(151,102): warning C4244: 'argument': conversion from 'T' to 'T', possible loss of data
          with
          [
              T=int
          ]
          and
          [
              T=float
          ]
C:\Users\Joe\Documents\GitHub\Defender\ImplodeSFMLEngine\ImplodeEngineEXAMPLE\source\MenuState.cpp(212,17): warning C4244: 'initializing': conversion from 'int' to 'float', possible loss of data
C:\Users\Joe\Documents\GitHub\Defender\ImplodeSFMLEngine\ImplodeEngineEXAMPLE\source\MenuState.cpp(213,15): warning C4244: 'initializing': conversion from 'int' to 'float', possible loss of data
C:\Users\Joe\Documents\GitHub\Defender\ImplodeSFMLEngine\ImplodeEngineEXAMPLE\source\MenuState.cpp(215,14): warning C4244: 'initializing': conversion from 'int' to 'float', possible loss of data
C:\Users\Joe\Documents\GitHub\Defender\ImplodeSFMLEngine\ImplodeEngineEXAMPLE\source\MenuState.cpp(216,14): warning C4244: 'initializing': conversion from 'int' to 'float', possible loss of data
C:\Users\Joe\Documents\GitHub\Defender\ImplodeSFMLEngine\ImplodeEngineEXAMPLE\source\MenuState.cpp(218,18): warning C4244: 'initializing': conversion from 'int' to 'float', possible loss of data
C:\Users\Joe\Documents\GitHub\Defender\ImplodeSFMLEngine\ImplodeEngineEXAMPLE\source\MenuState.cpp(219,18): warning C4244: 'initializing': conversion from 'int' to 'float', possible loss of data
C:\Users\Joe\Documents\GitHub\Defender\ImplodeSFMLEngine\ImplodeEngineEXAMPLE\source\MenuState.cpp(221,17): warning C4244: 'initializing': conversion from 'int' to 'float', possible loss of data
C:\Users\Joe\Documents\GitHub\Defender\ImplodeSFMLEngine\ImplodeEngineEXAMPLE\source\MenuState.cpp(223,21): warning C4244: 'initializing': conversion from 'int' to 'float', possible loss of data
C:\Users\Joe\Documents\GitHub\Defender\ImplodeSFMLEngine\ImplodeEngineEXAMPLE\source\MenuState.cpp(226,71): warning C4244: 'argument': conversion from 'int' to 'T', possible loss of data
          with
          [
              T=float
          ]
C:\Users\Joe\Documents\GitHub\Defender\ImplodeSFMLEngine\ImplodeEngineEXAMPLE\source\MenuState.cpp(226,56): warning C4244: 'argument': conversion from 'int' to 'T', possible loss of data
          with
          [
              T=float
          ]
C:\Users\Joe\Documents\GitHub\Defender\ImplodeSFMLEngine\ImplodeEngineEXAMPLE\source\MenuState.cpp(226,131): warning C4244: 'argument': conversion from 'int' to 'T', possible loss of data
          with
          [
              T=float
          ]
C:\Users\Joe\Documents\GitHub\Defender\ImplodeSFMLEngine\ImplodeEngineEXAMPLE\source\MenuState.cpp(226,106): warning C4244: 'argument': conversion from 'int' to 'T', possible loss of data
          with
          [
              T=float
          ]
C:\Users\Joe\Documents\GitHub\Defender\ImplodeSFMLEngine\ImplodeEngineEXAMPLE\source\MenuState.cpp(226,175): warning C4244: 'argument': conversion from 'int' to 'float', possible loss of data
C:\Users\Joe\Documents\GitHub\Defender\ImplodeSFMLEngine\ImplodeEngineEXAMPLE\source\MenuState.cpp(229,71): warning C4244: 'argument': conversion from 'int' to 'T', possible loss of data
          with
          [
              T=float
          ]
C:\Users\Joe\Documents\GitHub\Defender\ImplodeSFMLEngine\ImplodeEngineEXAMPLE\source\MenuState.cpp(229,56): warning C4244: 'argument': conversion from 'int' to 'T', possible loss of data
          with
          [
              T=float
          ]
C:\Users\Joe\Documents\GitHub\Defender\ImplodeSFMLEngine\ImplodeEngineEXAMPLE\source\MenuState.cpp(229,131): warning C4244: 'argument': conversion from 'int' to 'T', possible loss of data
          with
          [
              T=float
          ]
C:\Users\Joe\Documents\GitHub\Defender\ImplodeSFMLEngine\ImplodeEngineEXAMPLE\source\MenuState.cpp(229,106): warning C4244: 'argument': conversion from 'int' to 'T', possible loss of data
          with
          [
              T=float
          ]
C:\Users\Joe\Documents\GitHub\Defender\ImplodeSFMLEngine\ImplodeEngineEXAMPLE\source\MenuState.cpp(229,175): warning C4244: 'argument': conversion from 'int' to 'float', possible loss of data
  Particle.cpp
  ParticleEmitter.cpp
  pch.cpp
  PoolExample.cpp
C:\Users\Joe\Documents\GitHub\Defender\ImplodeSFMLEngine\ImplodeEngineEXAMPLE\source\PoolExample.cpp(35,96): warning C4244: 'argument': conversion from 'double' to 'T', possible loss of data
          with
          [
              T=float
          ]
C:\Users\Joe\Documents\GitHub\Defender\ImplodeSFMLEngine\ImplodeEngineEXAMPLE\source\PoolExample.cpp(44,96): warning C4244: 'argument': conversion from 'double' to 'T', possible loss of data
          with
          [
              T=float
          ]
C:\Users\Joe\Documents\GitHub\Defender\ImplodeSFMLEngine\ImplodeEngineEXAMPLE\source\PoolExample.cpp(53,96): warning C4244: 'argument': conversion from 'double' to 'T', possible loss of data
          with
          [
              T=float
          ]
  SoundManager.cpp
C:\Users\Joe\Documents\GitHub\Defender\ImplodeSFMLEngine\ImplodeEngineEXAMPLE\source\SoundManager.cpp(146,22): warning C4834: discarding return value of function with 'nodiscard' attribute
  SplashScreenState.cpp
  UIElement.cpp
C:\Users\Joe\Documents\GitHub\Defender\ImplodeSFMLEngine\ImplodeEngineEXAMPLE\source\UIElement.cpp(72,14): warning C4244: '-=': conversion from 'float' to 'sf::Uint8', possible loss of data
C:\Users\Joe\Documents\GitHub\Defender\ImplodeSFMLEngine\ImplodeEngineEXAMPLE\source\UIElement.cpp(73,14): warning C4244: '-=': conversion from 'float' to 'sf::Uint8', possible loss of data
C:\Users\Joe\Documents\GitHub\Defender\ImplodeSFMLEngine\ImplodeEngineEXAMPLE\source\UIElement.cpp(74,14): warning C4244: '-=': conversion from 'float' to 'sf::Uint8', possible loss of data
C:\Users\Joe\Documents\GitHub\Defender\ImplodeSFMLEngine\ImplodeEngineEXAMPLE\source\UIElement.cpp(119,81): warning C4244: 'argument': conversion from 'T' to 'T', possible loss of data
          with
          [
              T=int
          ]
          and
          [
              T=float
          ]
C:\Users\Joe\Documents\GitHub\Defender\ImplodeSFMLEngine\ImplodeEngineEXAMPLE\source\UIElement.cpp(125,81): warning C4244: 'argument': conversion from 'T' to 'T', possible loss of data
          with
          [
              T=int
          ]
          and
          [
              T=float
          ]
C:\Users\Joe\Documents\GitHub\Defender\ImplodeSFMLEngine\ImplodeEngineEXAMPLE\source\UIElement.cpp(147,81): warning C4244: 'argument': conversion from 'T' to 'T', possible loss of data
          with
          [
              T=int
          ]
          and
          [
              T=float
          ]
C:\Users\Joe\Documents\GitHub\Defender\ImplodeSFMLEngine\ImplodeEngineEXAMPLE\source\UIElement.cpp(190,14): warning C4244: '-=': conversion from 'float' to 'sf::Uint8', possible loss of data
C:\Users\Joe\Documents\GitHub\Defender\ImplodeSFMLEngine\ImplodeEngineEXAMPLE\source\UIElement.cpp(191,14): warning C4244: '-=': conversion from 'float' to 'sf::Uint8', possible loss of data
C:\Users\Joe\Documents\GitHub\Defender\ImplodeSFMLEngine\ImplodeEngineEXAMPLE\source\UIElement.cpp(192,14): warning C4244: '-=': conversion from 'float' to 'sf::Uint8', possible loss of data
C:\Users\Joe\Documents\GitHub\Defender\ImplodeSFMLEngine\ImplodeEngineEXAMPLE\source\UIElement.cpp(196,15): warning C4244: '-=': conversion from 'float' to 'sf::Uint8', possible loss of data
C:\Users\Joe\Documents\GitHub\Defender\ImplodeSFMLEngine\ImplodeEngineEXAMPLE\source\UIElement.cpp(197,15): warning C4244: '-=': conversion from 'float' to 'sf::Uint8', possible loss of data
C:\Users\Joe\Documents\GitHub\Defender\ImplodeSFMLEngine\ImplodeEngineEXAMPLE\source\UIElement.cpp(198,15): warning C4244: '-=': conversion from 'float' to 'sf::Uint8', possible loss of data
C:\Users\Joe\Documents\GitHub\Defender\ImplodeSFMLEngine\ImplodeEngineEXAMPLE\source\UIElement.cpp(362,90): warning C4244: 'argument': conversion from 'float' to 'unsigned int', possible loss of data
C:\Users\Joe\Documents\GitHub\Defender\ImplodeSFMLEngine\ImplodeEngineEXAMPLE\source\UIElement.cpp(412,70): warning C4244: 'argument': conversion from 'float' to 'unsigned int', possible loss of data
C:\Users\Joe\Documents\GitHub\Defender\ImplodeSFMLEngine\ImplodeEngineEXAMPLE\source\UIElement.cpp(441,73): warning C4244: 'argument': conversion from 'T' to 'unsigned int', possible loss of data
          with
          [
              T=float
          ]
C:\Users\Joe\Documents\GitHub\Defender\ImplodeSFMLEngine\ImplodeEngineEXAMPLE\source\UIElement.cpp(453,72): warning C4244: 'argument': conversion from 'float' to 'unsigned int', possible loss of data
C:\Users\Joe\Documents\GitHub\Defender\ImplodeSFMLEngine\ImplodeEngineEXAMPLE\source\UIElement.cpp(490,49): warning C4244: 'argument': conversion from 'int' to 'float', possible loss of data
C:\Users\Joe\Documents\GitHub\Defender\ImplodeSFMLEngine\ImplodeEngineEXAMPLE\source\UIElement.cpp(589,42): warning C4244: '=': conversion from 'float' to 'int', possible loss of data
C:\Users\Joe\Documents\GitHub\Defender\ImplodeSFMLEngine\ImplodeEngineEXAMPLE\source\UIElement.cpp(591,48): warning C4267: '=': conversion from 'size_t' to 'int', possible loss of data
C:\Users\Joe\Documents\GitHub\Defender\ImplodeSFMLEngine\ImplodeEngineEXAMPLE\source\UIElement.cpp(597,42): warning C4244: '=': conversion from 'float' to 'int', possible loss of data
C:\Users\Joe\Documents\GitHub\Defender\ImplodeSFMLEngine\ImplodeEngineEXAMPLE\source\UIElement.cpp(606,45): warning C4267: '=': conversion from 'size_t' to 'int', possible loss of data
C:\Users\Joe\Documents\GitHub\Defender\ImplodeSFMLEngine\ImplodeEngineEXAMPLE\source\UIElement.cpp(670,117): warning C4244: 'argument': conversion from 'T' to 'unsigned int', possible loss of data
          with
          [
              T=float
          ]
C:\Users\Joe\Documents\GitHub\Defender\ImplodeSFMLEngine\ImplodeEngineEXAMPLE\source\UIElement.cpp(670,70): warning C4244: 'argument': conversion from 'T' to 'unsigned int', possible loss of data
          with
          [
              T=float
          ]
C:\Users\Joe\Documents\GitHub\Defender\ImplodeSFMLEngine\ImplodeEngineEXAMPLE\source\UIElement.cpp(696,25): warning C4244: 'initializing': conversion from 'T' to 'int', possible loss of data
          with
          [
              T=float
          ]
C:\Users\Joe\Documents\GitHub\Defender\ImplodeSFMLEngine\ImplodeEngineEXAMPLE\source\UIElement.cpp(697,24): warning C4244: 'initializing': conversion from 'T' to 'int', possible loss of data
          with
          [
              T=float
          ]
C:\Users\Joe\Documents\GitHub\Defender\ImplodeSFMLEngine\ImplodeEngineEXAMPLE\source\UIElement.cpp(699,98): warning C4244: '=': conversion from 'T' to 'int', possible loss of data
          with
          [
              T=float
          ]
C:\Users\Joe\Documents\GitHub\Defender\ImplodeSFMLEngine\ImplodeEngineEXAMPLE\source\UIElement.cpp(703,77): warning C4267: '=': conversion from 'size_t' to 'int', possible loss of data
C:\Users\Joe\Documents\GitHub\Defender\ImplodeSFMLEngine\ImplodeEngineEXAMPLE\source\UIElement.cpp(722,38): warning C4244: '-=': conversion from 'T' to 'int', possible loss of data
          with
          [
              T=float
          ]
C:\Users\Joe\Documents\GitHub\Defender\ImplodeSFMLEngine\ImplodeEngineEXAMPLE\source\UIElement.cpp(768,100): warning C4244: '=': conversion from 'T' to 'int', possible loss of data
          with
          [
              T=float
          ]
C:\Users\Joe\Documents\GitHub\Defender\ImplodeSFMLEngine\ImplodeEngineEXAMPLE\source\UIElement.cpp(772,41): warning C4244: '=': conversion from 'T' to 'int', possible loss of data
          with
          [
              T=float
          ]
C:\Users\Joe\Documents\GitHub\Defender\ImplodeSFMLEngine\ImplodeEngineEXAMPLE\source\UIElement.cpp(794,46): warning C4267: 'initializing': conversion from 'size_t' to 'int', possible loss of data
  UIPool.cpp
  Generating code
  1515 of 1533 functions (98.8%) were compiled, the rest were copied from previous compilation.
    82 functions were new in current compilation
    1 functions had inline decision re-evaluated but remain unchanged
  Finished generating code
  ImplodeEngine.vcxproj -> C:\Users\Joe\Documents\GitHub\Defender\ImplodeSFMLEngine\ImplodeEngineEXAMPLE\Bin\x64\Release\ImplodeEngine.exe
