c:\users\joe_p\documents\github\implodesfmlengine\implodeengine\bin\x64\debug\vc142.pdb
c:\users\joe_p\documents\github\implodesfmlengine\implodeengine\bin\x64\debug\vc142.idb
c:\users\joe_p\documents\github\implodesfmlengine\implodeengine\bin\x64\debug\main.obj
c:\users\joe_p\documents\github\implodesfmlengine\implodeengine\bin\x64\debug\implodeengine.obj
c:\users\joe_p\documents\github\implodesfmlengine\implodeengine\bin\x64\debug\implodeengine.pch
c:\users\joe_p\documents\github\implodesfmlengine\implodeengine\bin\x64\debug\gamestate.obj
c:\users\joe_p\documents\github\implodesfmlengine\implodeengine\bin\x64\debug\pch.obj
c:\users\joe_p\documents\github\implodesfmlengine\implodeengine\bin\x64\debug\menustate.obj
c:\users\joe_p\documents\github\implodesfmlengine\implodeengine\bin\x64\debug\splashscreenstate.obj
c:\users\joe_p\documents\github\implodesfmlengine\implodeengine\bin\x64\debug\implodeengine.exe
c:\users\joe_p\documents\github\implodesfmlengine\implodeengine\bin\x64\debug\implodeengine.ilk
c:\users\joe_p\documents\github\implodesfmlengine\implodeengine\bin\x64\debug\implodeengine.pdb
c:\users\joe\documents\github\defender\implodesfmlengine\implodeengine\bin\x64\debug\gamestate.obj
c:\users\joe\documents\github\defender\implodesfmlengine\implodeengine\bin\x64\debug\implodeengine.obj
c:\users\joe\documents\github\defender\implodesfmlengine\implodeengine\bin\x64\debug\main.obj
c:\users\joe\documents\github\defender\implodesfmlengine\implodeengine\bin\x64\debug\menustate.obj
c:\users\joe\documents\github\defender\implodesfmlengine\implodeengine\bin\x64\debug\pch.obj
c:\users\joe\documents\github\defender\implodesfmlengine\implodeengine\bin\x64\debug\splashscreenstate.obj
c:\users\joe\documents\github\defender\implodesfmlengine\implodeengine\bin\x64\debug\implodeengine.ilk
c:\users\joe\documents\github\defender\implodesfmlengine\implodeengine\bin\x64\debug\implodeengine.pch
c:\users\joe\documents\github\defender\implodesfmlengine\implodeengine\bin\x64\debug\vc142.idb
c:\users\joe\documents\github\defender\implodesfmlengine\implodeengine\bin\x64\debug\implodeengine.pdb
c:\users\joe\documents\github\defender\implodesfmlengine\implodeengine\bin\x64\debug\vc142.pdb
c:\users\joe\documents\github\defender\implodesfmlengine\implodeengine\bin\x64\debug\implodeengine.exe
c:\users\joe\documents\github\defender\implodesfmlengine\implodeengine\bin\x64\debug\implodeengine.tlog\cl.command.1.tlog
c:\users\joe\documents\github\defender\implodesfmlengine\implodeengine\bin\x64\debug\implodeengine.tlog\cl.read.1.tlog
c:\users\joe\documents\github\defender\implodesfmlengine\implodeengine\bin\x64\debug\implodeengine.tlog\cl.write.1.tlog
c:\users\joe\documents\github\defender\implodesfmlengine\implodeengine\bin\x64\debug\implodeengine.tlog\link.command.1.tlog
c:\users\joe\documents\github\defender\implodesfmlengine\implodeengine\bin\x64\debug\implodeengine.tlog\link.read.1.tlog
c:\users\joe\documents\github\defender\implodesfmlengine\implodeengine\bin\x64\debug\implodeengine.tlog\link.write.1.tlog
