  UIElement.cpp
C:\Users\Joe\Documents\GitHub\Defender\ImplodeSFMLEngine\ImplodeEngine\source\UIElement.cpp(70,14): warning C4244: '-=': conversion from 'float' to 'sf::Uint8', possible loss of data
C:\Users\Joe\Documents\GitHub\Defender\ImplodeSFMLEngine\ImplodeEngine\source\UIElement.cpp(71,14): warning C4244: '-=': conversion from 'float' to 'sf::Uint8', possible loss of data
C:\Users\Joe\Documents\GitHub\Defender\ImplodeSFMLEngine\ImplodeEngine\source\UIElement.cpp(72,14): warning C4244: '-=': conversion from 'float' to 'sf::Uint8', possible loss of data
C:\Users\Joe\Documents\GitHub\Defender\ImplodeSFMLEngine\ImplodeEngine\source\UIElement.cpp(115,83): warning C4244: 'argument': conversion from 'T' to 'T', possible loss of data
          with
          [
              T=int
          ]
          and
          [
              T=float
          ]
C:\Users\Joe\Documents\GitHub\Defender\ImplodeSFMLEngine\ImplodeEngine\source\UIElement.cpp(121,83): warning C4244: 'argument': conversion from 'T' to 'T', possible loss of data
          with
          [
              T=int
          ]
          and
          [
              T=float
          ]
C:\Users\Joe\Documents\GitHub\Defender\ImplodeSFMLEngine\ImplodeEngine\source\UIElement.cpp(143,83): warning C4244: 'argument': conversion from 'T' to 'T', possible loss of data
          with
          [
              T=int
          ]
          and
          [
              T=float
          ]
C:\Users\Joe\Documents\GitHub\Defender\ImplodeSFMLEngine\ImplodeEngine\source\UIElement.cpp(185,14): warning C4244: '-=': conversion from 'float' to 'sf::Uint8', possible loss of data
C:\Users\Joe\Documents\GitHub\Defender\ImplodeSFMLEngine\ImplodeEngine\source\UIElement.cpp(186,14): warning C4244: '-=': conversion from 'float' to 'sf::Uint8', possible loss of data
C:\Users\Joe\Documents\GitHub\Defender\ImplodeSFMLEngine\ImplodeEngine\source\UIElement.cpp(187,14): warning C4244: '-=': conversion from 'float' to 'sf::Uint8', possible loss of data
C:\Users\Joe\Documents\GitHub\Defender\ImplodeSFMLEngine\ImplodeEngine\source\UIElement.cpp(191,15): warning C4244: '-=': conversion from 'float' to 'sf::Uint8', possible loss of data
C:\Users\Joe\Documents\GitHub\Defender\ImplodeSFMLEngine\ImplodeEngine\source\UIElement.cpp(192,15): warning C4244: '-=': conversion from 'float' to 'sf::Uint8', possible loss of data
C:\Users\Joe\Documents\GitHub\Defender\ImplodeSFMLEngine\ImplodeEngine\source\UIElement.cpp(193,15): warning C4244: '-=': conversion from 'float' to 'sf::Uint8', possible loss of data
C:\Users\Joe\Documents\GitHub\Defender\ImplodeSFMLEngine\ImplodeEngine\source\UIElement.cpp(412,94): warning C4244: 'argument': conversion from 'float' to 'unsigned int', possible loss of data
C:\Users\Joe\Documents\GitHub\Defender\ImplodeSFMLEngine\ImplodeEngine\source\UIElement.cpp(447,74): warning C4244: 'argument': conversion from 'float' to 'unsigned int', possible loss of data
C:\Users\Joe\Documents\GitHub\Defender\ImplodeSFMLEngine\ImplodeEngine\source\UIElement.cpp(476,74): warning C4244: 'argument': conversion from 'T' to 'unsigned int', possible loss of data
          with
          [
              T=float
          ]
  ImplodeEngine.vcxproj -> C:\Users\Joe\Documents\GitHub\Defender\ImplodeSFMLEngine\ImplodeEngine\Bin\x64\Debug\ImplodeEngine.exe
