c:\users\joe\documents\github\defender\implodesfmlengine\implodeenginedefault\bin\win32\release\vc142.pdb
c:\users\joe\documents\github\defender\implodesfmlengine\implodeenginedefault\bin\win32\release\uipool.obj
c:\users\joe\documents\github\defender\implodesfmlengine\implodeenginedefault\bin\win32\release\uielement.obj
c:\users\joe\documents\github\defender\implodesfmlengine\implodeenginedefault\bin\win32\release\soundmanager.obj
c:\users\joe\documents\github\defender\implodesfmlengine\implodeenginedefault\bin\win32\release\pch.obj
c:\users\joe\documents\github\defender\implodesfmlengine\implodeenginedefault\bin\win32\release\particleemitter.obj
c:\users\joe\documents\github\defender\implodesfmlengine\implodeenginedefault\bin\win32\release\particle.obj
c:\users\joe\documents\github\defender\implodesfmlengine\implodeenginedefault\bin\win32\release\main.obj
c:\users\joe\documents\github\defender\implodesfmlengine\implodeenginedefault\bin\win32\release\lightingmanager.obj
c:\users\joe\documents\github\defender\implodesfmlengine\implodeenginedefault\bin\win32\release\light.obj
c:\users\joe\documents\github\defender\implodesfmlengine\implodeenginedefault\bin\win32\release\implodeengine.obj
c:\users\joe\documents\github\defender\implodesfmlengine\implodeenginedefault\bin\win32\release\gamestate.obj
c:\users\joe\documents\github\defender\implodesfmlengine\implodeenginedefault\bin\win32\release\defaultstate.obj
c:\users\joe\documents\github\defender\implodesfmlengine\implodeenginedefault\bin\win32\release\camera.obj
c:\users\joe\documents\github\defender\implodesfmlengine\implodeenginedefault\bin\win32\release\boundarymanager.obj
c:\users\joe\documents\github\defender\implodesfmlengine\implodeenginedefault\bin\win32\release\assetpool.obj
c:\users\joe\documents\github\defender\implodesfmlengine\implodeenginedefault\bin\win32\release\animation.obj
c:\users\joe\documents\github\defender\implodesfmlengine\implodeenginedefault\bin\win32\release\implodeengine.tlog\cl.command.1.tlog
c:\users\joe\documents\github\defender\implodesfmlengine\implodeenginedefault\bin\win32\release\implodeengine.tlog\cl.read.1.tlog
c:\users\joe\documents\github\defender\implodesfmlengine\implodeenginedefault\bin\win32\release\implodeengine.tlog\cl.write.1.tlog
c:\users\joe\documents\github\defender\implodesfmlengine\implodeenginedefault\bin\win32\release\implodeengine.tlog\link.command.1.tlog
c:\users\joe\documents\github\defender\implodesfmlengine\implodeenginedefault\bin\win32\release\implodeengine.tlog\link.read.1.tlog
c:\users\joe\documents\github\defender\implodesfmlengine\implodeenginedefault\bin\win32\release\implodeengine.tlog\link.write.1.tlog
