  MenuState.cpp
C:\Users\Joe\Documents\GitHub\Defender\ImplodeSFMLEngine\ImplodeEngine\source\MenuState.cpp(88,64): warning C4305: 'argument': truncation from 'double' to 'float'
C:\Users\Joe\Documents\GitHub\Defender\ImplodeSFMLEngine\ImplodeEngine\source\MenuState.cpp(96,92): warning C4244: 'argument': conversion from 'float' to 'sf::Uint8', possible loss of data
C:\Users\Joe\Documents\GitHub\Defender\ImplodeSFMLEngine\ImplodeEngine\source\MenuState.cpp(96,84): warning C4244: 'argument': conversion from 'float' to 'sf::Uint8', possible loss of data
C:\Users\Joe\Documents\GitHub\Defender\ImplodeSFMLEngine\ImplodeEngine\source\MenuState.cpp(96,78): warning C4244: 'argument': conversion from 'float' to 'sf::Uint8', possible loss of data
C:\Users\Joe\Documents\GitHub\Defender\ImplodeSFMLEngine\ImplodeEngine\source\MenuState.cpp(98,84): warning C4244: 'argument': conversion from 'float' to 'sf::Uint8', possible loss of data
C:\Users\Joe\Documents\GitHub\Defender\ImplodeSFMLEngine\ImplodeEngine\source\MenuState.cpp(98,78): warning C4244: 'argument': conversion from 'float' to 'sf::Uint8', possible loss of data
C:\Users\Joe\Documents\GitHub\Defender\ImplodeSFMLEngine\ImplodeEngine\source\MenuState.cpp(98,72): warning C4244: 'argument': conversion from 'float' to 'sf::Uint8', possible loss of data
C:\Users\Joe\Documents\GitHub\Defender\ImplodeSFMLEngine\ImplodeEngine\source\MenuState.cpp(99,89): warning C4244: 'argument': conversion from 'float' to 'sf::Uint8', possible loss of data
C:\Users\Joe\Documents\GitHub\Defender\ImplodeSFMLEngine\ImplodeEngine\source\MenuState.cpp(99,81): warning C4244: 'argument': conversion from 'float' to 'sf::Uint8', possible loss of data
C:\Users\Joe\Documents\GitHub\Defender\ImplodeSFMLEngine\ImplodeEngine\source\MenuState.cpp(99,73): warning C4244: 'argument': conversion from 'float' to 'sf::Uint8', possible loss of data
C:\Users\Joe\Documents\GitHub\Defender\ImplodeSFMLEngine\ImplodeEngine\source\MenuState.cpp(100,85): warning C4244: 'argument': conversion from 'float' to 'sf::Uint8', possible loss of data
C:\Users\Joe\Documents\GitHub\Defender\ImplodeSFMLEngine\ImplodeEngine\source\MenuState.cpp(100,79): warning C4244: 'argument': conversion from 'float' to 'sf::Uint8', possible loss of data
C:\Users\Joe\Documents\GitHub\Defender\ImplodeSFMLEngine\ImplodeEngine\source\MenuState.cpp(100,73): warning C4244: 'argument': conversion from 'float' to 'sf::Uint8', possible loss of data
C:\Users\Joe\Documents\GitHub\Defender\ImplodeSFMLEngine\ImplodeEngine\source\MenuState.cpp(151,159): warning C4244: 'argument': conversion from 'T' to 'T', possible loss of data
          with
          [
              T=int
          ]
          and
          [
              T=float
          ]
C:\Users\Joe\Documents\GitHub\Defender\ImplodeSFMLEngine\ImplodeEngine\source\MenuState.cpp(151,102): warning C4244: 'argument': conversion from 'T' to 'T', possible loss of data
          with
          [
              T=int
          ]
          and
          [
              T=float
          ]
C:\Users\Joe\Documents\GitHub\Defender\ImplodeSFMLEngine\ImplodeEngine\source\MenuState.cpp(212,17): warning C4244: 'initializing': conversion from 'int' to 'float', possible loss of data
C:\Users\Joe\Documents\GitHub\Defender\ImplodeSFMLEngine\ImplodeEngine\source\MenuState.cpp(213,15): warning C4244: 'initializing': conversion from 'int' to 'float', possible loss of data
C:\Users\Joe\Documents\GitHub\Defender\ImplodeSFMLEngine\ImplodeEngine\source\MenuState.cpp(215,14): warning C4244: 'initializing': conversion from 'int' to 'float', possible loss of data
C:\Users\Joe\Documents\GitHub\Defender\ImplodeSFMLEngine\ImplodeEngine\source\MenuState.cpp(216,14): warning C4244: 'initializing': conversion from 'int' to 'float', possible loss of data
C:\Users\Joe\Documents\GitHub\Defender\ImplodeSFMLEngine\ImplodeEngine\source\MenuState.cpp(218,18): warning C4244: 'initializing': conversion from 'int' to 'float', possible loss of data
C:\Users\Joe\Documents\GitHub\Defender\ImplodeSFMLEngine\ImplodeEngine\source\MenuState.cpp(219,18): warning C4244: 'initializing': conversion from 'int' to 'float', possible loss of data
C:\Users\Joe\Documents\GitHub\Defender\ImplodeSFMLEngine\ImplodeEngine\source\MenuState.cpp(221,17): warning C4244: 'initializing': conversion from 'int' to 'float', possible loss of data
C:\Users\Joe\Documents\GitHub\Defender\ImplodeSFMLEngine\ImplodeEngine\source\MenuState.cpp(223,21): warning C4244: 'initializing': conversion from 'int' to 'float', possible loss of data
C:\Users\Joe\Documents\GitHub\Defender\ImplodeSFMLEngine\ImplodeEngine\source\MenuState.cpp(226,71): warning C4244: 'argument': conversion from 'int' to 'T', possible loss of data
          with
          [
              T=float
          ]
C:\Users\Joe\Documents\GitHub\Defender\ImplodeSFMLEngine\ImplodeEngine\source\MenuState.cpp(226,56): warning C4244: 'argument': conversion from 'int' to 'T', possible loss of data
          with
          [
              T=float
          ]
C:\Users\Joe\Documents\GitHub\Defender\ImplodeSFMLEngine\ImplodeEngine\source\MenuState.cpp(226,131): warning C4244: 'argument': conversion from 'int' to 'T', possible loss of data
          with
          [
              T=float
          ]
C:\Users\Joe\Documents\GitHub\Defender\ImplodeSFMLEngine\ImplodeEngine\source\MenuState.cpp(226,106): warning C4244: 'argument': conversion from 'int' to 'T', possible loss of data
          with
          [
              T=float
          ]
C:\Users\Joe\Documents\GitHub\Defender\ImplodeSFMLEngine\ImplodeEngine\source\MenuState.cpp(226,175): warning C4244: 'argument': conversion from 'int' to 'float', possible loss of data
C:\Users\Joe\Documents\GitHub\Defender\ImplodeSFMLEngine\ImplodeEngine\source\MenuState.cpp(229,71): warning C4244: 'argument': conversion from 'int' to 'T', possible loss of data
          with
          [
              T=float
          ]
C:\Users\Joe\Documents\GitHub\Defender\ImplodeSFMLEngine\ImplodeEngine\source\MenuState.cpp(229,56): warning C4244: 'argument': conversion from 'int' to 'T', possible loss of data
          with
          [
              T=float
          ]
C:\Users\Joe\Documents\GitHub\Defender\ImplodeSFMLEngine\ImplodeEngine\source\MenuState.cpp(229,131): warning C4244: 'argument': conversion from 'int' to 'T', possible loss of data
          with
          [
              T=float
          ]
C:\Users\Joe\Documents\GitHub\Defender\ImplodeSFMLEngine\ImplodeEngine\source\MenuState.cpp(229,106): warning C4244: 'argument': conversion from 'int' to 'T', possible loss of data
          with
          [
              T=float
          ]
C:\Users\Joe\Documents\GitHub\Defender\ImplodeSFMLEngine\ImplodeEngine\source\MenuState.cpp(229,175): warning C4244: 'argument': conversion from 'int' to 'float', possible loss of data
  ImplodeEngine.vcxproj -> C:\Users\Joe\Documents\GitHub\Defender\ImplodeSFMLEngine\ImplodeEngine\Bin\x64\Debug\ImplodeEngine.exe
