  UIElement.cpp
C:\Users\Joe\Documents\GitHub\Defender\ImplodeSFMLEngine\ImplodeEngineEXAMPLE\source\UIElement.h(133,85): warning C4018: '<': signed/unsigned mismatch
C:\Users\Joe\Documents\GitHub\Defender\ImplodeSFMLEngine\ImplodeEngineEXAMPLE\source\UIElement.h(148,27): warning C4018: '<': signed/unsigned mismatch
C:\Users\Joe\Documents\GitHub\Defender\ImplodeSFMLEngine\ImplodeEngineEXAMPLE\source\UIElement.h(155,63): warning C4018: '<': signed/unsigned mismatch
C:\Users\Joe\Documents\GitHub\Defender\ImplodeSFMLEngine\ImplodeEngineEXAMPLE\source\UIElement.cpp(72,14): warning C4244: '-=': conversion from 'float' to 'sf::Uint8', possible loss of data
C:\Users\Joe\Documents\GitHub\Defender\ImplodeSFMLEngine\ImplodeEngineEXAMPLE\source\UIElement.cpp(73,14): warning C4244: '-=': conversion from 'float' to 'sf::Uint8', possible loss of data
C:\Users\Joe\Documents\GitHub\Defender\ImplodeSFMLEngine\ImplodeEngineEXAMPLE\source\UIElement.cpp(74,14): warning C4244: '-=': conversion from 'float' to 'sf::Uint8', possible loss of data
C:\Users\Joe\Documents\GitHub\Defender\ImplodeSFMLEngine\ImplodeEngineEXAMPLE\source\UIElement.cpp(119,81): warning C4244: 'argument': conversion from 'T' to 'T', possible loss of data
          with
          [
              T=int
          ]
          and
          [
              T=float
          ]
C:\Users\Joe\Documents\GitHub\Defender\ImplodeSFMLEngine\ImplodeEngineEXAMPLE\source\UIElement.cpp(125,81): warning C4244: 'argument': conversion from 'T' to 'T', possible loss of data
          with
          [
              T=int
          ]
          and
          [
              T=float
          ]
C:\Users\Joe\Documents\GitHub\Defender\ImplodeSFMLEngine\ImplodeEngineEXAMPLE\source\UIElement.cpp(147,81): warning C4244: 'argument': conversion from 'T' to 'T', possible loss of data
          with
          [
              T=int
          ]
          and
          [
              T=float
          ]
C:\Users\Joe\Documents\GitHub\Defender\ImplodeSFMLEngine\ImplodeEngineEXAMPLE\source\UIElement.cpp(190,14): warning C4244: '-=': conversion from 'float' to 'sf::Uint8', possible loss of data
C:\Users\Joe\Documents\GitHub\Defender\ImplodeSFMLEngine\ImplodeEngineEXAMPLE\source\UIElement.cpp(191,14): warning C4244: '-=': conversion from 'float' to 'sf::Uint8', possible loss of data
C:\Users\Joe\Documents\GitHub\Defender\ImplodeSFMLEngine\ImplodeEngineEXAMPLE\source\UIElement.cpp(192,14): warning C4244: '-=': conversion from 'float' to 'sf::Uint8', possible loss of data
C:\Users\Joe\Documents\GitHub\Defender\ImplodeSFMLEngine\ImplodeEngineEXAMPLE\source\UIElement.cpp(196,15): warning C4244: '-=': conversion from 'float' to 'sf::Uint8', possible loss of data
C:\Users\Joe\Documents\GitHub\Defender\ImplodeSFMLEngine\ImplodeEngineEXAMPLE\source\UIElement.cpp(197,15): warning C4244: '-=': conversion from 'float' to 'sf::Uint8', possible loss of data
C:\Users\Joe\Documents\GitHub\Defender\ImplodeSFMLEngine\ImplodeEngineEXAMPLE\source\UIElement.cpp(198,15): warning C4244: '-=': conversion from 'float' to 'sf::Uint8', possible loss of data
C:\Users\Joe\Documents\GitHub\Defender\ImplodeSFMLEngine\ImplodeEngineEXAMPLE\source\UIElement.cpp(362,90): warning C4244: 'argument': conversion from 'float' to 'unsigned int', possible loss of data
C:\Users\Joe\Documents\GitHub\Defender\ImplodeSFMLEngine\ImplodeEngineEXAMPLE\source\UIElement.cpp(370,20): warning C4018: '<': signed/unsigned mismatch
C:\Users\Joe\Documents\GitHub\Defender\ImplodeSFMLEngine\ImplodeEngineEXAMPLE\source\UIElement.cpp(386,21): warning C4018: '<': signed/unsigned mismatch
C:\Users\Joe\Documents\GitHub\Defender\ImplodeSFMLEngine\ImplodeEngineEXAMPLE\source\UIElement.cpp(396,21): warning C4018: '<': signed/unsigned mismatch
C:\Users\Joe\Documents\GitHub\Defender\ImplodeSFMLEngine\ImplodeEngineEXAMPLE\source\UIElement.cpp(412,70): warning C4244: 'argument': conversion from 'float' to 'unsigned int', possible loss of data
C:\Users\Joe\Documents\GitHub\Defender\ImplodeSFMLEngine\ImplodeEngineEXAMPLE\source\UIElement.cpp(425,20): warning C4018: '<': signed/unsigned mismatch
C:\Users\Joe\Documents\GitHub\Defender\ImplodeSFMLEngine\ImplodeEngineEXAMPLE\source\UIElement.cpp(441,73): warning C4244: 'argument': conversion from 'T' to 'unsigned int', possible loss of data
          with
          [
              T=float
          ]
C:\Users\Joe\Documents\GitHub\Defender\ImplodeSFMLEngine\ImplodeEngineEXAMPLE\source\UIElement.cpp(453,72): warning C4244: 'argument': conversion from 'float' to 'unsigned int', possible loss of data
C:\Users\Joe\Documents\GitHub\Defender\ImplodeSFMLEngine\ImplodeEngineEXAMPLE\source\UIElement.cpp(490,49): warning C4244: 'argument': conversion from 'int' to 'float', possible loss of data
C:\Users\Joe\Documents\GitHub\Defender\ImplodeSFMLEngine\ImplodeEngineEXAMPLE\source\UIElement.cpp(511,24): warning C4018: '<': signed/unsigned mismatch
C:\Users\Joe\Documents\GitHub\Defender\ImplodeSFMLEngine\ImplodeEngineEXAMPLE\source\UIElement.cpp(540,89): warning C4018: '<': signed/unsigned mismatch
C:\Users\Joe\Documents\GitHub\Defender\ImplodeSFMLEngine\ImplodeEngineEXAMPLE\source\UIElement.cpp(551,25): warning C4018: '<': signed/unsigned mismatch
C:\Users\Joe\Documents\GitHub\Defender\ImplodeSFMLEngine\ImplodeEngineEXAMPLE\source\UIElement.cpp(570,25): warning C4018: '<': signed/unsigned mismatch
C:\Users\Joe\Documents\GitHub\Defender\ImplodeSFMLEngine\ImplodeEngineEXAMPLE\source\UIElement.cpp(589,42): warning C4244: '=': conversion from 'float' to 'int', possible loss of data
C:\Users\Joe\Documents\GitHub\Defender\ImplodeSFMLEngine\ImplodeEngineEXAMPLE\source\UIElement.cpp(590,27): warning C4018: '>': signed/unsigned mismatch
C:\Users\Joe\Documents\GitHub\Defender\ImplodeSFMLEngine\ImplodeEngineEXAMPLE\source\UIElement.cpp(595,27): warning C4018: '<=': signed/unsigned mismatch
C:\Users\Joe\Documents\GitHub\Defender\ImplodeSFMLEngine\ImplodeEngineEXAMPLE\source\UIElement.cpp(597,42): warning C4244: '=': conversion from 'float' to 'int', possible loss of data
C:\Users\Joe\Documents\GitHub\Defender\ImplodeSFMLEngine\ImplodeEngineEXAMPLE\source\UIElement.cpp(670,117): warning C4244: 'argument': conversion from 'T' to 'unsigned int', possible loss of data
          with
          [
              T=float
          ]
C:\Users\Joe\Documents\GitHub\Defender\ImplodeSFMLEngine\ImplodeEngineEXAMPLE\source\UIElement.cpp(670,70): warning C4244: 'argument': conversion from 'T' to 'unsigned int', possible loss of data
          with
          [
              T=float
          ]
C:\Users\Joe\Documents\GitHub\Defender\ImplodeSFMLEngine\ImplodeEngineEXAMPLE\source\UIElement.cpp(696,25): warning C4244: 'initializing': conversion from 'T' to 'int', possible loss of data
          with
          [
              T=float
          ]
C:\Users\Joe\Documents\GitHub\Defender\ImplodeSFMLEngine\ImplodeEngineEXAMPLE\source\UIElement.cpp(697,24): warning C4244: 'initializing': conversion from 'T' to 'int', possible loss of data
          with
          [
              T=float
          ]
C:\Users\Joe\Documents\GitHub\Defender\ImplodeSFMLEngine\ImplodeEngineEXAMPLE\source\UIElement.cpp(699,98): warning C4244: '=': conversion from 'T' to 'int', possible loss of data
          with
          [
              T=float
          ]
C:\Users\Joe\Documents\GitHub\Defender\ImplodeSFMLEngine\ImplodeEngineEXAMPLE\source\UIElement.cpp(702,20): warning C4018: '>': signed/unsigned mismatch
C:\Users\Joe\Documents\GitHub\Defender\ImplodeSFMLEngine\ImplodeEngineEXAMPLE\source\UIElement.cpp(722,38): warning C4244: '-=': conversion from 'T' to 'int', possible loss of data
          with
          [
              T=float
          ]
C:\Users\Joe\Documents\GitHub\Defender\ImplodeSFMLEngine\ImplodeEngineEXAMPLE\source\UIElement.cpp(752,35): warning C4018: '<': signed/unsigned mismatch
C:\Users\Joe\Documents\GitHub\Defender\ImplodeSFMLEngine\ImplodeEngineEXAMPLE\source\UIElement.cpp(759,21): warning C4018: '<=': signed/unsigned mismatch
C:\Users\Joe\Documents\GitHub\Defender\ImplodeSFMLEngine\ImplodeEngineEXAMPLE\source\UIElement.cpp(768,100): warning C4244: '=': conversion from 'T' to 'int', possible loss of data
          with
          [
              T=float
          ]
C:\Users\Joe\Documents\GitHub\Defender\ImplodeSFMLEngine\ImplodeEngineEXAMPLE\source\UIElement.cpp(772,41): warning C4244: '=': conversion from 'T' to 'int', possible loss of data
          with
          [
              T=float
          ]
C:\Users\Joe\Documents\GitHub\Defender\ImplodeSFMLEngine\ImplodeEngineEXAMPLE\source\UIElement.cpp(820,24): warning C4018: '<': signed/unsigned mismatch
C:\Users\Joe\Documents\GitHub\Defender\ImplodeSFMLEngine\ImplodeEngineEXAMPLE\source\UIElement.cpp(830,24): warning C4018: '<': signed/unsigned mismatch
C:\Users\Joe\Documents\GitHub\Defender\ImplodeSFMLEngine\ImplodeEngineEXAMPLE\source\UIElement.cpp(851,20): warning C4018: '<=': signed/unsigned mismatch
  ImplodeEngine.vcxproj -> C:\Users\Joe\Documents\GitHub\Defender\ImplodeSFMLEngine\ImplodeEngineEXAMPLE\Bin\Win32\Debug\ImplodeEngine.exe
